<?xml version="1.0" encoding="UTF-8"?>
<testng-results skipped="0" failed="0" total="1" passed="1">
  <reporter-output>
  </reporter-output>
  <suite name="Default suite" duration-ms="420" started-at="2020-01-21T11:27:18Z" finished-at="2020-01-21T11:27:18Z">
    <groups>
    </groups>
    <test name="Default test" duration-ms="420" started-at="2020-01-21T11:27:18Z" finished-at="2020-01-21T11:27:18Z">
      <class name="ravichandra.Insert">
        <test-method status="PASS" signature="conTest()[pri:0, instance:ravichandra.Insert@2344fc66]" name="conTest" duration-ms="389" started-at="2020-01-21T16:57:18Z" finished-at="2020-01-21T16:57:18Z">
          <reporter-output>
          </reporter-output>
        </test-method> <!-- conTest -->
      </class> <!-- ravichandra.Insert -->
    </test> <!-- Default test -->
  </suite> <!-- Default suite -->
</testng-results>
